<?xml version="1.0" encoding="UTF-8"?>
<!-- Generated by org.testng.reporters.JUnitXMLReporter -->
<testsuite ignored="0" hostname="IRSYADMA" failures="0" tests="4" name="Default test" time="18.94" errors="0" timestamp="2023-08-25T13:46:45 ICT">
  <testcase classname="com.test.kerja.sqa.sqamobileappiumjavabdd.TestCalculatorApps" name="fungsi1Tambah" time="2.573"/>
  <testcase classname="com.test.kerja.sqa.sqamobileappiumjavabdd.TestCalculatorApps" name="fungsi2Kali" time="2.784"/>
  <testcase classname="com.test.kerja.sqa.sqamobileappiumjavabdd.TestCalculatorApps" name="fungsi22Kali" time="2.744"/>
  <testcase classname="com.test.kerja.sqa.sqamobileappiumjavabdd.TestCalculatorApps" name="fungsi222Kali" time="3.256"/>
</testsuite> <!-- Default test -->
