<?xml version="1.0" encoding="UTF-8"?>
<!-- Generated by org.testng.reporters.JUnitXMLReporter -->
<testsuite ignored="0" hostname="IRSYADMA" failures="0" tests="4" name="Default test" time="21.79" errors="0" timestamp="2022-12-28T10:10:33 ICT">
  <testcase classname="com.test.kerja.sqa.sqamobileappiumjavabdd.TestCalculatorApps" name="fungsi1Tambah" time="2.794"/>
  <testcase classname="com.test.kerja.sqa.sqamobileappiumjavabdd.TestCalculatorApps" name="fungsi2Kali" time="2.807"/>
  <testcase classname="com.test.kerja.sqa.sqamobileappiumjavabdd.TestCalculatorApps" name="fungsi22Kali" time="2.822"/>
  <testcase classname="com.test.kerja.sqa.sqamobileappiumjavabdd.TestCalculatorApps" name="fungsi222Kali" time="3.342"/>
</testsuite> <!-- Default test -->
