<?xml version="1.0" encoding="UTF-8"?>
<testng-results ignored="0" total="4" passed="4" failed="0" skipped="0">
  <reporter-output>
  </reporter-output>
  <suite started-at="2023-08-25T13:46:26 ICT" name="Default suite" finished-at="2023-08-25T13:46:45 ICT" duration-ms="18940">
    <groups>
    </groups>
    <test started-at="2023-08-25T13:46:26 ICT" name="Default test" finished-at="2023-08-25T13:46:45 ICT" duration-ms="18940">
      <class name="com.test.kerja.sqa.sqamobileappiumjavabdd.TestCalculatorApps">
        <test-method is-config="true" signature="reportSetup()[pri:0, instance:com.test.kerja.sqa.sqamobileappiumjavabdd.TestCalculatorApps@1e04fa0a]" started-at="2023-08-25T13:46:25 ICT" name="reportSetup" finished-at="2023-08-25T13:46:26 ICT" duration-ms="235" status="PASS">
          <reporter-output>
          </reporter-output>
        </test-method> <!-- reportSetup -->
        <test-method is-config="true" signature="openCalculator()[pri:0, instance:com.test.kerja.sqa.sqamobileappiumjavabdd.TestCalculatorApps@1e04fa0a]" started-at="2023-08-25T13:46:26 ICT" name="openCalculator" finished-at="2023-08-25T13:46:33 ICT" duration-ms="7534" status="PASS">
          <reporter-output>
          </reporter-output>
        </test-method> <!-- openCalculator -->
        <test-method signature="fungsi1Tambah()[pri:1, instance:com.test.kerja.sqa.sqamobileappiumjavabdd.TestCalculatorApps@1e04fa0a]" started-at="2023-08-25T13:46:33 ICT" name="fungsi1Tambah" finished-at="2023-08-25T13:46:36 ICT" duration-ms="2573" status="PASS">
          <reporter-output>
          </reporter-output>
        </test-method> <!-- fungsi1Tambah -->
        <test-method signature="fungsi2Kali()[pri:2, instance:com.test.kerja.sqa.sqamobileappiumjavabdd.TestCalculatorApps@1e04fa0a]" started-at="2023-08-25T13:46:36 ICT" name="fungsi2Kali" finished-at="2023-08-25T13:46:39 ICT" duration-ms="2784" status="PASS">
          <reporter-output>
          </reporter-output>
        </test-method> <!-- fungsi2Kali -->
        <test-method signature="fungsi22Kali()[pri:3, instance:com.test.kerja.sqa.sqamobileappiumjavabdd.TestCalculatorApps@1e04fa0a]" started-at="2023-08-25T13:46:39 ICT" name="fungsi22Kali" finished-at="2023-08-25T13:46:41 ICT" duration-ms="2744" status="PASS">
          <reporter-output>
          </reporter-output>
        </test-method> <!-- fungsi22Kali -->
        <test-method signature="fungsi222Kali()[pri:4, instance:com.test.kerja.sqa.sqamobileappiumjavabdd.TestCalculatorApps@1e04fa0a]" started-at="2023-08-25T13:46:41 ICT" name="fungsi222Kali" finished-at="2023-08-25T13:46:45 ICT" duration-ms="3256" status="PASS">
          <reporter-output>
          </reporter-output>
        </test-method> <!-- fungsi222Kali -->
        <test-method is-config="true" signature="reportTeardown()[pri:0, instance:com.test.kerja.sqa.sqamobileappiumjavabdd.TestCalculatorApps@1e04fa0a]" started-at="2023-08-25T13:46:45 ICT" name="reportTeardown" finished-at="2023-08-25T13:46:45 ICT" duration-ms="291" status="PASS">
          <reporter-output>
          </reporter-output>
        </test-method> <!-- reportTeardown -->
      </class> <!-- com.test.kerja.sqa.sqamobileappiumjavabdd.TestCalculatorApps -->
    </test> <!-- Default test -->
  </suite> <!-- Default suite -->
</testng-results>
